<?xml version="1.0" encoding="UTF-8"?>
<testng-results skipped="0" failed="0" ignored="0" total="1" passed="1">
  <reporter-output>
  </reporter-output>
  <suite name="Default suite" duration-ms="17525" started-at="2019-11-16T10:28:38Z" finished-at="2019-11-16T10:28:55Z">
    <groups>
      <group name="cucumber">
        <method signature="AbstractTestNGCucumberTests.runScenario(cucumber.api.testng.PickleEventWrapper, cucumber.api.testng.CucumberFeatureWrapper)[pri:0, instance:com.leafBot.testcases.TC_ACME_Result@5ed7a6]" name="runScenario" class="cucumber.api.testng.AbstractTestNGCucumberTests"/>
      </group> <!-- cucumber -->
    </groups>
    <test name="Default test" duration-ms="17525" started-at="2019-11-16T10:28:38Z" finished-at="2019-11-16T10:28:55Z">
      <class name="com.leafBot.testcases.TC_ACME_Result">
        <test-method status="PASS" signature="startReport()[pri:0, instance:com.leafBot.testcases.TC_ACME_Result@5ed7a6]" name="startReport" is-config="true" duration-ms="756" started-at="2019-11-16T10:28:37Z" finished-at="2019-11-16T10:28:38Z">
          <reporter-output>
          </reporter-output>
        </test-method> <!-- startReport -->
        <test-method status="PASS" signature="setData()[pri:0, instance:com.leafBot.testcases.TC_ACME_Result@5ed7a6]" name="setData" is-config="true" duration-ms="1" started-at="2019-11-16T10:28:38Z" finished-at="2019-11-16T10:28:38Z">
          <reporter-output>
          </reporter-output>
        </test-method> <!-- setData -->
        <test-method status="PASS" signature="setUpClass()[pri:0, instance:com.leafBot.testcases.TC_ACME_Result@5ed7a6]" name="setUpClass" is-config="true" duration-ms="218" started-at="2019-11-16T10:28:38Z" finished-at="2019-11-16T10:28:38Z">
          <reporter-output>
          </reporter-output>
        </test-method> <!-- setUpClass -->
        <test-method status="PASS" signature="report()[pri:0, instance:com.leafBot.testcases.TC_ACME_Result@5ed7a6]" name="report" is-config="true" duration-ms="27" started-at="2019-11-16T10:28:38Z" finished-at="2019-11-16T10:28:38Z">
          <reporter-output>
          </reporter-output>
        </test-method> <!-- report -->
        <test-method status="PASS" signature="beforeMethod()[pri:0, instance:com.leafBot.testcases.TC_ACME_Result@5ed7a6]" name="beforeMethod" is-config="true" duration-ms="13535" started-at="2019-11-16T10:28:38Z" finished-at="2019-11-16T10:28:52Z">
          <reporter-output>
          </reporter-output>
        </test-method> <!-- beforeMethod -->
        <test-method status="PASS" signature="acme_TC()[pri:0, instance:com.leafBot.testcases.TC_ACME_Result@5ed7a6]" name="acme_TC" duration-ms="3500" started-at="2019-11-16T10:28:52Z" finished-at="2019-11-16T10:28:55Z">
          <reporter-output>
          </reporter-output>
        </test-method> <!-- acme_TC -->
        <test-method status="PASS" signature="afterMethod()[pri:0, instance:com.leafBot.testcases.TC_ACME_Result@5ed7a6]" name="afterMethod" is-config="true" duration-ms="158" started-at="2019-11-16T10:28:55Z" finished-at="2019-11-16T10:28:55Z">
          <reporter-output>
          </reporter-output>
        </test-method> <!-- afterMethod -->
        <test-method status="PASS" signature="tearDownClass()[pri:0, instance:com.leafBot.testcases.TC_ACME_Result@5ed7a6]" name="tearDownClass" is-config="true" duration-ms="4" started-at="2019-11-16T10:28:55Z" finished-at="2019-11-16T10:28:55Z">
          <reporter-output>
          </reporter-output>
        </test-method> <!-- tearDownClass -->
        <test-method status="PASS" signature="stopReport()[pri:0, instance:com.leafBot.testcases.TC_ACME_Result@5ed7a6]" name="stopReport" is-config="true" duration-ms="401" started-at="2019-11-16T10:28:56Z" finished-at="2019-11-16T10:28:56Z">
          <reporter-output>
          </reporter-output>
        </test-method> <!-- stopReport -->
      </class> <!-- com.leafBot.testcases.TC_ACME_Result -->
    </test> <!-- Default test -->
  </suite> <!-- Default suite -->
</testng-results>
